Initializing Ubuntu Install Script (V 1.0)
Installing Figlet
Reading package lists...
Building dependency tree...
Reading state information...
figlet is already the newest version (2.2.5-3).
0 upgraded, 0 newly installed, 0 to remove and 0 not upgraded.
 _   _ ____  _   _ _   _ _____ _   _   ___ _   _ ____ _____  _    _     _     
| | | | __ )| | | | \ | |_   _| | | | |_ _| \ | / ___|_   _|/ \  | |   | |    
| | | |  _ \| | | |  \| | | | | | | |  | ||  \| \___ \ | | / _ \ | |   | |    
| |_| | |_) | |_| | |\  | | | | |_| |  | || |\  |___) || |/ ___ \| |___| |___ 
 \___/|____/ \___/|_| \_| |_|  \___/  |___|_| \_|____/ |_/_/   \_\_____|_____|
                                                                              
 ____   ____ ____  ___ ____ _____ 
/ ___| / ___|  _ \|_ _|  _ \_   _|
\___ \| |   | |_) || || |_) || |  
 ___) | |___|  _ < | ||  __/ | |  
|____/ \____|_| \_\___|_|    |_|  
                                  
Ign:1 http://ppa.launchpad.net/gnome-terminator/ppa/ubuntu focal InRelease
Hit:2 http://linux.teamviewer.com/deb stable InRelease
Hit:3 http://security.ubuntu.com/ubuntu focal-security InRelease
Err:4 http://ppa.launchpad.net/gnome-terminator/ppa/ubuntu focal Release
  404  Not Found [IP: 91.189.95.83 80]
Hit:5 http://de.archive.ubuntu.com/ubuntu focal InRelease
Hit:6 http://de.archive.ubuntu.com/ubuntu focal-updates InRelease
Hit:7 http://de.archive.ubuntu.com/ubuntu focal-backports InRelease
Reading package lists...
Reading package lists...
Building dependency tree...
Reading state information...
nano is already the newest version (4.8-1ubuntu1).
0 upgraded, 0 newly installed, 0 to remove and 0 not upgraded.
Reading package lists...
Building dependency tree...
Reading state information...
screen is already the newest version (4.8.0-1).
0 upgraded, 0 newly installed, 0 to remove and 0 not upgraded.
Reading package lists...
Building dependency tree...
Reading state information...
snap is already the newest version (2013-11-29-9).
0 upgraded, 0 newly installed, 0 to remove and 0 not upgraded.
Reading package lists...
Building dependency tree...
Reading state information...
git is already the newest version (1:2.25.1-1ubuntu3).
0 upgraded, 0 newly installed, 0 to remove and 0 not upgraded.
Reading package lists...
Building dependency tree...
Reading state information...
zsh is already the newest version (5.8-3ubuntu1).
0 upgraded, 0 newly installed, 0 to remove and 0 not upgraded.
Reading package lists...
Building dependency tree...
Reading state information...
default-jre is already the newest version (2:1.11-72).
The following additional packages will be installed:
  default-jdk-headless libice-dev libpthread-stubs0-dev libsm-dev libx11-dev
  libxau-dev libxcb1-dev libxdmcp-dev libxt-dev openjdk-11-jdk
  openjdk-11-jdk-headless x11proto-core-dev x11proto-dev xorg-sgml-doctools
  xtrans-dev
Suggested packages:
  libice-doc libsm-doc libx11-doc libxcb-doc libxt-doc openjdk-11-demo
  openjdk-11-source visualvm
The following NEW packages will be installed:
  default-jdk default-jdk-headless libice-dev libpthread-stubs0-dev libsm-dev
  libx11-dev libxau-dev libxcb1-dev libxdmcp-dev libxt-dev openjdk-11-jdk
  openjdk-11-jdk-headless x11proto-core-dev x11proto-dev xorg-sgml-doctools
  xtrans-dev
0 upgraded, 16 newly installed, 0 to remove and 0 not upgraded.
Inst openjdk-11-jdk-headless (11.0.8+10-0ubuntu1~20.04 Ubuntu:20.04/focal-updates, Ubuntu:20.04/focal-security [amd64])
Inst default-jdk-headless (2:1.11-72 Ubuntu:20.04/focal [amd64])
Inst openjdk-11-jdk (11.0.8+10-0ubuntu1~20.04 Ubuntu:20.04/focal-updates, Ubuntu:20.04/focal-security [amd64])
Inst default-jdk (2:1.11-72 Ubuntu:20.04/focal [amd64])
Inst xorg-sgml-doctools (1:1.11-1 Ubuntu:20.04/focal [all])
Inst x11proto-dev (2019.2-1ubuntu1 Ubuntu:20.04/focal [all])
Inst x11proto-core-dev (2019.2-1ubuntu1 Ubuntu:20.04/focal [all])
Inst libice-dev (2:1.0.10-0ubuntu1 Ubuntu:20.04/focal [amd64])
Inst libpthread-stubs0-dev (0.4-1 Ubuntu:20.04/focal [amd64])
Inst libsm-dev (2:1.2.3-1 Ubuntu:20.04/focal [amd64])
Inst libxau-dev (1:1.0.9-0ubuntu1 Ubuntu:20.04/focal [amd64])
Inst libxdmcp-dev (1:1.1.3-0ubuntu1 Ubuntu:20.04/focal [amd64])
Inst xtrans-dev (1.4.0-1 Ubuntu:20.04/focal [all])
Inst libxcb1-dev (1.14-2 Ubuntu:20.04/focal [amd64])
Inst libx11-dev (2:1.6.9-2ubuntu1.1 Ubuntu:20.04/focal-updates, Ubuntu:20.04/focal-security [amd64])
Inst libxt-dev (1:1.1.5-1 Ubuntu:20.04/focal [amd64])
Conf openjdk-11-jdk-headless (11.0.8+10-0ubuntu1~20.04 Ubuntu:20.04/focal-updates, Ubuntu:20.04/focal-security [amd64])
Conf default-jdk-headless (2:1.11-72 Ubuntu:20.04/focal [amd64])
Conf openjdk-11-jdk (11.0.8+10-0ubuntu1~20.04 Ubuntu:20.04/focal-updates, Ubuntu:20.04/focal-security [amd64])
Conf default-jdk (2:1.11-72 Ubuntu:20.04/focal [amd64])
Conf xorg-sgml-doctools (1:1.11-1 Ubuntu:20.04/focal [all])
Conf x11proto-dev (2019.2-1ubuntu1 Ubuntu:20.04/focal [all])
Conf x11proto-core-dev (2019.2-1ubuntu1 Ubuntu:20.04/focal [all])
Conf libice-dev (2:1.0.10-0ubuntu1 Ubuntu:20.04/focal [amd64])
Conf libpthread-stubs0-dev (0.4-1 Ubuntu:20.04/focal [amd64])
Conf libsm-dev (2:1.2.3-1 Ubuntu:20.04/focal [amd64])
Conf libxau-dev (1:1.0.9-0ubuntu1 Ubuntu:20.04/focal [amd64])
Conf libxdmcp-dev (1:1.1.3-0ubuntu1 Ubuntu:20.04/focal [amd64])
Conf xtrans-dev (1.4.0-1 Ubuntu:20.04/focal [all])
Conf libxcb1-dev (1.14-2 Ubuntu:20.04/focal [amd64])
Conf libx11-dev (2:1.6.9-2ubuntu1.1 Ubuntu:20.04/focal-updates, Ubuntu:20.04/focal-security [amd64])
Conf libxt-dev (1:1.1.5-1 Ubuntu:20.04/focal [amd64])
Reading package lists...
Building dependency tree...
Reading state information...
python-is-python2 is already the newest version (2.7.17-4).
0 upgraded, 0 newly installed, 0 to remove and 0 not upgraded.
Reading package lists...
Building dependency tree...
Reading state information...
python3 is already the newest version (3.8.2-0ubuntu2).
python3 set to manually installed.
0 upgraded, 0 newly installed, 0 to remove and 0 not upgraded.
Reading package lists...
Building dependency tree...
Reading state information...
The following additional packages will be installed:
  gimp-data i965-va-driver intel-media-va-driver libaacs0 libamd2 libaom0
  libavcodec58 libavformat58 libavutil56 libbabl-0.1-0 libbdplus0 libblas3
  libbluray2 libcamd2 libccolamd2 libcholmod3 libchromaprint1 libcodec2-0.9
  libde265-0 libgegl-0.4-0 libgegl-common libgfortran5 libgimp2.0 libgme0
  libgsm1 libheif1 libigdgmm11 libilmbase24 liblapack3 libmetis5 libmng2
  libmypaint-1.5-1 libmypaint-common libopenexr24 libopenmpt0 libsdl2-2.0-0
  libshine3 libsnappy1v5 libssh-gcrypt-4 libswresample3 libswscale5
  libumfpack5 libva-drm2 libva-x11-2 libva2 libvdpau1 libx264-155 libx265-179
  libxvidcore4 libzvbi-common libzvbi0 mesa-va-drivers mesa-vdpau-drivers
  ocl-icd-libopencl1 va-driver-all vdpau-driver-all
Suggested packages:
  gimp-help-en | gimp-help gimp-data-extras i965-va-driver-shaders
  libbluray-bdj opencl-icd libvdpau-va-gl1 nvidia-vdpau-driver
  nvidia-legacy-340xx-vdpau-driver nvidia-legacy-304xx-vdpau-driver
The following NEW packages will be installed:
  gimp gimp-data i965-va-driver intel-media-va-driver libaacs0 libamd2 libaom0
  libavcodec58 libavformat58 libavutil56 libbabl-0.1-0 libbdplus0 libblas3
  libbluray2 libcamd2 libccolamd2 libcholmod3 libchromaprint1 libcodec2-0.9
  libde265-0 libgegl-0.4-0 libgegl-common libgfortran5 libgimp2.0 libgme0
  libgsm1 libheif1 libigdgmm11 libilmbase24 liblapack3 libmetis5 libmng2
  libmypaint-1.5-1 libmypaint-common libopenexr24 libopenmpt0 libsdl2-2.0-0
  libshine3 libsnappy1v5 libssh-gcrypt-4 libswresample3 libswscale5
  libumfpack5 libva-drm2 libva-x11-2 libva2 libvdpau1 libx264-155 libx265-179
  libxvidcore4 libzvbi-common libzvbi0 mesa-va-drivers mesa-vdpau-drivers
  ocl-icd-libopencl1 va-driver-all vdpau-driver-all
0 upgraded, 57 newly installed, 0 to remove and 0 not upgraded.
Inst libbabl-0.1-0 (0.1.74-1 Ubuntu:20.04/focal [amd64])
Inst libaom0 (1.0.0.errata1-3build1 Ubuntu:20.04/focal [amd64])
Inst libva2 (2.7.0-2 Ubuntu:20.04/focal [amd64])
Inst libva-drm2 (2.7.0-2 Ubuntu:20.04/focal [amd64])
Inst libva-x11-2 (2.7.0-2 Ubuntu:20.04/focal [amd64])
Inst libvdpau1 (1.3-1ubuntu2 Ubuntu:20.04/focal [amd64])
Inst ocl-icd-libopencl1 (2.2.11-1ubuntu1 Ubuntu:20.04/focal [amd64])
Inst libavutil56 (7:4.2.4-1ubuntu0.1 Ubuntu:20.04/focal-updates, Ubuntu:20.04/focal-security [amd64])
Inst libcodec2-0.9 (0.9.2-2 Ubuntu:20.04/focal [amd64])
Inst libgsm1 (1.0.18-2 Ubuntu:20.04/focal [amd64])
Inst libshine3 (3.1.1-2 Ubuntu:20.04/focal [amd64])
Inst libsnappy1v5 (1.1.8-1build1 Ubuntu:20.04/focal [amd64])
Inst libswresample3 (7:4.2.4-1ubuntu0.1 Ubuntu:20.04/focal-updates, Ubuntu:20.04/focal-security [amd64])
Inst libx264-155 (2:0.155.2917+git0a84d98-2 Ubuntu:20.04/focal [amd64])
Inst libx265-179 (3.2.1-1build1 Ubuntu:20.04/focal [amd64])
Inst libxvidcore4 (2:1.3.7-1 Ubuntu:20.04/focal [amd64])
Inst libzvbi-common (0.2.35-17 Ubuntu:20.04/focal [all])
Inst libzvbi0 (0.2.35-17 Ubuntu:20.04/focal [amd64])
Inst libavcodec58 (7:4.2.4-1ubuntu0.1 Ubuntu:20.04/focal-updates, Ubuntu:20.04/focal-security [amd64])
Inst libbluray2 (1:1.2.0-1 Ubuntu:20.04/focal [amd64])
Inst libchromaprint1 (1.4.3-3build1 Ubuntu:20.04/focal [amd64])
Inst libgme0 (0.6.2-1build1 Ubuntu:20.04/focal [amd64])
Inst libopenmpt0 (0.4.11-1build1 Ubuntu:20.04/focal [amd64])
Inst libssh-gcrypt-4 (0.9.3-2ubuntu2.1 Ubuntu:20.04/focal-updates, Ubuntu:20.04/focal-security [amd64])
Inst libavformat58 (7:4.2.4-1ubuntu0.1 Ubuntu:20.04/focal-updates, Ubuntu:20.04/focal-security [amd64])
Inst libilmbase24 (2.3.0-6build1 Ubuntu:20.04/focal [amd64])
Inst libopenexr24 (2.3.0-6ubuntu0.2 Ubuntu:20.04/focal-updates, Ubuntu:20.04/focal-security [amd64])
Inst libsdl2-2.0-0 (2.0.10+dfsg1-3 Ubuntu:20.04/focal [amd64])
Inst libswscale5 (7:4.2.4-1ubuntu0.1 Ubuntu:20.04/focal-updates, Ubuntu:20.04/focal-security [amd64])
Inst libamd2 (1:5.7.1+dfsg-2 Ubuntu:20.04/focal [amd64])
Inst libblas3 (3.9.0-1build1 Ubuntu:20.04/focal [amd64])
Inst libcamd2 (1:5.7.1+dfsg-2 Ubuntu:20.04/focal [amd64])
Inst libccolamd2 (1:5.7.1+dfsg-2 Ubuntu:20.04/focal [amd64])
Inst libgfortran5 (10.2.0-5ubuntu1~20.04 Ubuntu:20.04/focal-updates, Ubuntu:20.04/focal-security [amd64])
Inst liblapack3 (3.9.0-1build1 Ubuntu:20.04/focal [amd64])
Inst libmetis5 (5.1.0.dfsg-5 Ubuntu:20.04/focal [amd64])
Inst libcholmod3 (1:5.7.1+dfsg-2 Ubuntu:20.04/focal [amd64])
Inst libumfpack5 (1:5.7.1+dfsg-2 Ubuntu:20.04/focal [amd64])
Inst libgegl-common (0.4.22-3 Ubuntu:20.04/focal [all])
Inst libgegl-0.4-0 (0.4.22-3 Ubuntu:20.04/focal [amd64])
Inst libgimp2.0 (2.10.18-1 Ubuntu:20.04/focal [amd64])
Inst gimp-data (2.10.18-1 Ubuntu:20.04/focal [all])
Inst libde265-0 (1.0.4-1build1 Ubuntu:20.04/focal [amd64])
Inst libheif1 (1.6.1-1build1 Ubuntu:20.04/focal [amd64])
Inst libmng2 (2.0.3+dfsg-3 Ubuntu:20.04/focal [amd64])
Inst libmypaint-common (1.5.1-1 Ubuntu:20.04/focal [all])
Inst libmypaint-1.5-1 (1.5.1-1 Ubuntu:20.04/focal [amd64])
Inst gimp (2.10.18-1 Ubuntu:20.04/focal [amd64])
Inst libigdgmm11 (20.1.1+ds1-1 Ubuntu:20.04/focal [amd64])
Inst intel-media-va-driver (20.1.1+dfsg1-1 Ubuntu:20.04/focal [amd64])
Inst libaacs0 (0.9.0-2 Ubuntu:20.04/focal [amd64])
Inst libbdplus0 (0.1.2-3 Ubuntu:20.04/focal [amd64])
Inst mesa-va-drivers (20.0.8-0ubuntu1~20.04.1 Ubuntu:20.04/focal-updates [amd64])
Inst mesa-vdpau-drivers (20.0.8-0ubuntu1~20.04.1 Ubuntu:20.04/focal-updates [amd64])
Inst i965-va-driver (2.4.0-0ubuntu1 Ubuntu:20.04/focal [amd64])
Inst va-driver-all (2.7.0-2 Ubuntu:20.04/focal [amd64])
Inst vdpau-driver-all (1.3-1ubuntu2 Ubuntu:20.04/focal [amd64])
Conf libbabl-0.1-0 (0.1.74-1 Ubuntu:20.04/focal [amd64])
Conf libaom0 (1.0.0.errata1-3build1 Ubuntu:20.04/focal [amd64])
Conf libva2 (2.7.0-2 Ubuntu:20.04/focal [amd64])
Conf libva-drm2 (2.7.0-2 Ubuntu:20.04/focal [amd64])
Conf libva-x11-2 (2.7.0-2 Ubuntu:20.04/focal [amd64])
Conf libvdpau1 (1.3-1ubuntu2 Ubuntu:20.04/focal [amd64])
Conf ocl-icd-libopencl1 (2.2.11-1ubuntu1 Ubuntu:20.04/focal [amd64])
Conf libavutil56 (7:4.2.4-1ubuntu0.1 Ubuntu:20.04/focal-updates, Ubuntu:20.04/focal-security [amd64])
Conf libcodec2-0.9 (0.9.2-2 Ubuntu:20.04/focal [amd64])
Conf libgsm1 (1.0.18-2 Ubuntu:20.04/focal [amd64])
Conf libshine3 (3.1.1-2 Ubuntu:20.04/focal [amd64])
Conf libsnappy1v5 (1.1.8-1build1 Ubuntu:20.04/focal [amd64])
Conf libswresample3 (7:4.2.4-1ubuntu0.1 Ubuntu:20.04/focal-updates, Ubuntu:20.04/focal-security [amd64])
Conf libx264-155 (2:0.155.2917+git0a84d98-2 Ubuntu:20.04/focal [amd64])
Conf libx265-179 (3.2.1-1build1 Ubuntu:20.04/focal [amd64])
Conf libxvidcore4 (2:1.3.7-1 Ubuntu:20.04/focal [amd64])
Conf libzvbi-common (0.2.35-17 Ubuntu:20.04/focal [all])
Conf libzvbi0 (0.2.35-17 Ubuntu:20.04/focal [amd64])
Conf libavcodec58 (7:4.2.4-1ubuntu0.1 Ubuntu:20.04/focal-updates, Ubuntu:20.04/focal-security [amd64])
Conf libbluray2 (1:1.2.0-1 Ubuntu:20.04/focal [amd64])
Conf libchromaprint1 (1.4.3-3build1 Ubuntu:20.04/focal [amd64])
Conf libgme0 (0.6.2-1build1 Ubuntu:20.04/focal [amd64])
Conf libopenmpt0 (0.4.11-1build1 Ubuntu:20.04/focal [amd64])
Conf libssh-gcrypt-4 (0.9.3-2ubuntu2.1 Ubuntu:20.04/focal-updates, Ubuntu:20.04/focal-security [amd64])
Conf libavformat58 (7:4.2.4-1ubuntu0.1 Ubuntu:20.04/focal-updates, Ubuntu:20.04/focal-security [amd64])
Conf libilmbase24 (2.3.0-6build1 Ubuntu:20.04/focal [amd64])
Conf libopenexr24 (2.3.0-6ubuntu0.2 Ubuntu:20.04/focal-updates, Ubuntu:20.04/focal-security [amd64])
Conf libsdl2-2.0-0 (2.0.10+dfsg1-3 Ubuntu:20.04/focal [amd64])
Conf libswscale5 (7:4.2.4-1ubuntu0.1 Ubuntu:20.04/focal-updates, Ubuntu:20.04/focal-security [amd64])
Conf libamd2 (1:5.7.1+dfsg-2 Ubuntu:20.04/focal [amd64])
Conf libblas3 (3.9.0-1build1 Ubuntu:20.04/focal [amd64])
Conf libcamd2 (1:5.7.1+dfsg-2 Ubuntu:20.04/focal [amd64])
Conf libccolamd2 (1:5.7.1+dfsg-2 Ubuntu:20.04/focal [amd64])
Conf libgfortran5 (10.2.0-5ubuntu1~20.04 Ubuntu:20.04/focal-updates, Ubuntu:20.04/focal-security [amd64])
Conf liblapack3 (3.9.0-1build1 Ubuntu:20.04/focal [amd64])
Conf libmetis5 (5.1.0.dfsg-5 Ubuntu:20.04/focal [amd64])
Conf libcholmod3 (1:5.7.1+dfsg-2 Ubuntu:20.04/focal [amd64])
Conf libumfpack5 (1:5.7.1+dfsg-2 Ubuntu:20.04/focal [amd64])
Conf libgegl-common (0.4.22-3 Ubuntu:20.04/focal [all])
Conf libgegl-0.4-0 (0.4.22-3 Ubuntu:20.04/focal [amd64])
Conf libgimp2.0 (2.10.18-1 Ubuntu:20.04/focal [amd64])
Conf gimp-data (2.10.18-1 Ubuntu:20.04/focal [all])
Conf libde265-0 (1.0.4-1build1 Ubuntu:20.04/focal [amd64])
Conf libheif1 (1.6.1-1build1 Ubuntu:20.04/focal [amd64])
Conf libmng2 (2.0.3+dfsg-3 Ubuntu:20.04/focal [amd64])
Conf libmypaint-common (1.5.1-1 Ubuntu:20.04/focal [all])
Conf libmypaint-1.5-1 (1.5.1-1 Ubuntu:20.04/focal [amd64])
Conf gimp (2.10.18-1 Ubuntu:20.04/focal [amd64])
Conf libigdgmm11 (20.1.1+ds1-1 Ubuntu:20.04/focal [amd64])
Conf intel-media-va-driver (20.1.1+dfsg1-1 Ubuntu:20.04/focal [amd64])
Conf libaacs0 (0.9.0-2 Ubuntu:20.04/focal [amd64])
Conf libbdplus0 (0.1.2-3 Ubuntu:20.04/focal [amd64])
Conf mesa-va-drivers (20.0.8-0ubuntu1~20.04.1 Ubuntu:20.04/focal-updates [amd64])
Conf mesa-vdpau-drivers (20.0.8-0ubuntu1~20.04.1 Ubuntu:20.04/focal-updates [amd64])
Conf i965-va-driver (2.4.0-0ubuntu1 Ubuntu:20.04/focal [amd64])
Conf va-driver-all (2.7.0-2 Ubuntu:20.04/focal [amd64])
Conf vdpau-driver-all (1.3-1ubuntu2 Ubuntu:20.04/focal [amd64])
Reading package lists...
Building dependency tree...
Reading state information...
teamviewer is already the newest version (15.10.5).
0 upgraded, 0 newly installed, 0 to remove and 0 not upgraded.
Reading package lists...
Building dependency tree...
Reading state information...
hollywood is already the newest version (1.20-1).
0 upgraded, 0 newly installed, 0 to remove and 0 not upgraded.
Reading package lists...
Building dependency tree...
Reading state information...
python3-pip is already the newest version (20.0.2-5ubuntu1.1).
0 upgraded, 0 newly installed, 0 to remove and 0 not upgraded.
 ____   ___  _   _ _____ 
|  _ \ / _ \| \ | | ____|
| | | | | | |  \| |  _|  
| |_| | |_| | |\  | |___ 
|____/ \___/|_| \_|_____|
                         
